{"contracts/BasicDutchAuction.sol":{"l":{"20":18,"21":18,"22":18,"23":18,"24":18,"25":18,"29":20,"30":18,"31":14,"33":10,"35":10,"36":5,"38":5,"39":5,"44":20,"45":8,"46":4,"47":4,"51":4,"53":0,"54":0,"59":61},"path":"/Users/sandy/Documents/INFO7500/Assignment 3 2/contracts/BasicDutchAuction.sol","s":{"1":18,"2":18,"3":18,"4":18,"5":18,"6":18,"7":20,"8":18,"9":14,"10":10,"11":10,"12":5,"13":5,"14":5,"15":20,"16":8,"17":4,"18":4,"19":4,"20":0,"21":0,"22":61},"b":{"1":[18,2],"2":[14,4],"3":[10,4],"4":[5,5],"5":[8,12],"6":[4,4],"7":[0,4]},"f":{"1":18,"2":20,"3":20,"4":4,"5":61},"fnMap":{"1":{"name":"constructor","line":18,"loc":{"start":{"line":18,"column":4},"end":{"line":26,"column":4}}},"2":{"name":"bid","line":28,"loc":{"start":{"line":28,"column":4},"end":{"line":41,"column":4}}},"3":{"name":"finalize","line":43,"loc":{"start":{"line":43,"column":4},"end":{"line":48,"column":4}}},"4":{"name":"refund","line":50,"loc":{"start":{"line":50,"column":4},"end":{"line":55,"column":4}}},"5":{"name":"nop","line":58,"loc":{"start":{"line":58,"column":4},"end":{"line":60,"column":4}}}},"statementMap":{"1":{"start":{"line":20,"column":8},"end":{"line":20,"column":35}},"2":{"start":{"line":21,"column":8},"end":{"line":21,"column":35}},"3":{"start":{"line":22,"column":8},"end":{"line":22,"column":50}},"4":{"start":{"line":23,"column":8},"end":{"line":23,"column":49}},"5":{"start":{"line":24,"column":8},"end":{"line":24,"column":41}},"6":{"start":{"line":25,"column":8},"end":{"line":25,"column":38}},"7":{"start":{"line":29,"column":8},"end":{"line":29,"column":27}},"8":{"start":{"line":30,"column":8},"end":{"line":30,"column":71}},"9":{"start":{"line":31,"column":8},"end":{"line":31,"column":125}},"10":{"start":{"line":33,"column":8},"end":{"line":33,"column":24}},"11":{"start":{"line":35,"column":8},"end":{"line":35,"column":1141}},"12":{"start":{"line":36,"column":12},"end":{"line":36,"column":43}},"13":{"start":{"line":38,"column":12},"end":{"line":38,"column":46}},"14":{"start":{"line":39,"column":12},"end":{"line":39,"column":33}},"15":{"start":{"line":44,"column":8},"end":{"line":44,"column":40}},"16":{"start":{"line":45,"column":8},"end":{"line":45,"column":73}},"17":{"start":{"line":46,"column":8},"end":{"line":46,"column":23}},"18":{"start":{"line":47,"column":8},"end":{"line":47,"column":40}},"19":{"start":{"line":51,"column":8},"end":{"line":51,"column":40}},"20":{"start":{"line":53,"column":8},"end":{"line":53,"column":23}},"21":{"start":{"line":54,"column":8},"end":{"line":54,"column":42}},"22":{"start":{"line":59,"column":8},"end":{"line":59,"column":19}}},"branchMap":{"1":{"line":29,"type":"if","locations":[{"start":{"line":29,"column":8},"end":{"line":29,"column":8}},{"start":{"line":29,"column":8},"end":{"line":29,"column":8}}]},"2":{"line":30,"type":"if","locations":[{"start":{"line":30,"column":8},"end":{"line":30,"column":8}},{"start":{"line":30,"column":8},"end":{"line":30,"column":8}}]},"3":{"line":31,"type":"if","locations":[{"start":{"line":31,"column":8},"end":{"line":31,"column":8}},{"start":{"line":31,"column":8},"end":{"line":31,"column":8}}]},"4":{"line":35,"type":"if","locations":[{"start":{"line":35,"column":8},"end":{"line":35,"column":8}},{"start":{"line":35,"column":8},"end":{"line":35,"column":8}}]},"5":{"line":44,"type":"if","locations":[{"start":{"line":44,"column":8},"end":{"line":44,"column":8}},{"start":{"line":44,"column":8},"end":{"line":44,"column":8}}]},"6":{"line":45,"type":"if","locations":[{"start":{"line":45,"column":8},"end":{"line":45,"column":8}},{"start":{"line":45,"column":8},"end":{"line":45,"column":8}}]},"7":{"line":51,"type":"if","locations":[{"start":{"line":51,"column":8},"end":{"line":51,"column":8}},{"start":{"line":51,"column":8},"end":{"line":51,"column":8}}]}}}}